
The following files have been resolved:
   io.springfox:springfox-spi:jar:2.7.0:compile
   org.apache.logging.log4j:log4j-slf4j-impl:jar:2.7:compile
   org.apache.logging.log4j:log4j-api:jar:2.7:compile
   com.fasterxml.jackson.core:jackson-annotations:jar:2.8.0:compile
   io.springfox:springfox-core:jar:2.7.0:compile
   com.fasterxml.jackson.core:jackson-core:jar:2.8.10:compile
   org.apache.tomcat.embed:tomcat-embed-el:jar:8.5.23:compile
   org.jboss.logging:jboss-logging:jar:3.3.1.Final:compile
   net.bytebuddy:byte-buddy:jar:1.6.14:compile
   org.hibernate:hibernate-validator:jar:5.3.6.Final:compile
   org.springframework:spring-context:jar:4.3.13.RELEASE:compile
   org.springframework:spring-core:jar:4.3.13.RELEASE:compile
   io.springfox:springfox-swagger-ui:jar:2.7.0:compile
   org.apache.logging.log4j:log4j-core:jar:2.7:compile
   org.springframework.boot:spring-boot-autoconfigure:jar:1.5.9.RELEASE:compile
   org.springframework:spring-web:jar:4.3.13.RELEASE:compile
   org.springframework:spring-beans:jar:4.3.13.RELEASE:compile
   org.springframework.boot:spring-boot-starter-web:jar:1.5.9.RELEASE:compile
   io.springfox:springfox-schema:jar:2.7.0:compile
   org.yaml:snakeyaml:jar:1.17:runtime
   org.springframework.boot:spring-boot-starter-log4j2:jar:1.5.9.RELEASE:compile
   com.fasterxml:classmate:jar:1.3.4:compile
   org.springframework:spring-expression:jar:4.3.13.RELEASE:compile
   org.javassist:javassist:jar:3.21.0-GA:compile
   org.slf4j:jcl-over-slf4j:jar:1.7.25:compile
   io.springfox:springfox-swagger2:jar:2.7.0:compile
   io.swagger:swagger-annotations:jar:1.5.13:compile
   io.springfox:springfox-swagger-common:jar:2.7.0:compile
   org.springframework.boot:spring-boot-starter-tomcat:jar:1.5.9.RELEASE:compile
   org.springframework.plugin:spring-plugin-metadata:jar:1.2.0.RELEASE:compile
   org.apache.tomcat.embed:tomcat-embed-websocket:jar:8.5.23:compile
   org.springframework:spring-webmvc:jar:4.3.13.RELEASE:compile
   com.google.guava:guava:jar:18.0:compile
   org.slf4j:slf4j-api:jar:1.7.25:compile
   io.swagger:swagger-models:jar:1.5.13:compile
   org.springframework.boot:spring-boot-starter:jar:1.5.9.RELEASE:compile
   org.apache.tomcat:tomcat-annotations-api:jar:8.5.23:compile
   org.springframework.boot:spring-boot:jar:1.5.9.RELEASE:compile
   org.springframework.plugin:spring-plugin-core:jar:1.2.0.RELEASE:compile
   org.reflections:reflections:jar:0.9.11:compile
   javax.validation:validation-api:jar:1.1.0.Final:compile
   org.springframework:spring-aop:jar:4.3.13.RELEASE:compile
   org.apache.tomcat.embed:tomcat-embed-core:jar:8.5.23:compile
   org.mapstruct:mapstruct:jar:1.1.0.Final:compile
   org.slf4j:jul-to-slf4j:jar:1.7.25:compile
   com.fasterxml.jackson.core:jackson-databind:jar:2.8.10:compile
   io.springfox:springfox-spring-web:jar:2.7.0:compile

